<?xml version="1.0" encoding="utf-8"?><testsuites><testsuite errors="0" failures="0" hostname="travis-job-9383cc5e-f370-473b-b26a-f16fa03badac" name="pytest" skipped="42" tests="190" time="4.779" timestamp="2020-09-22T15:55:52.085262"><testcase classname="pyfields.autofields_" file="pyfields/autofields_.py" line="25" name="pyfields.autofields_.autofields" time="0.007"><skipped message="doctest skipped for python &lt; 3.6" type="pytest.skip">&lt;doctest pyfields.autofields_.autofields[1]&gt;:1: doctest skipped for python &lt; 3.6</skipped></testcase><testcase classname="pyfields.core" file="pyfields/core.py" line="464" name="pyfields.core.Field.converter" time="0.002"><skipped message="skipped on python &lt;3.6" type="pytest.skip">&lt;doctest pyfields.core.Field.converter[1]&gt;:1: skipped on python &lt;3.6</skipped></testcase><testcase classname="pyfields.core" file="pyfields/core.py" line="327" name="pyfields.core.Field.default_factory" time="0.002"><skipped message="doctest skipped for python &lt; 3.6" type="pytest.skip">&lt;doctest pyfields.core.Field.default_factory[1]&gt;:1: doctest skipped for python &lt; 3.6</skipped></testcase><testcase classname="pyfields.core" file="pyfields/core.py" line="360" name="pyfields.core.Field.validator" time="0.002"><skipped message="skipped on python &lt;3.6" type="pytest.skip">&lt;doctest pyfields.core.Field.validator[1]&gt;:1: skipped on python &lt;3.6</skipped></testcase><testcase classname="pyfields.core" file="pyfields/core.py" line="589" name="pyfields.core.field" time="0.002"><skipped message="skipped on python &lt;3.6" type="pytest.skip">&lt;doctest pyfields.core.field[1]&gt;:1: skipped on python &lt;3.6</skipped></testcase><testcase classname="pyfields.init_makers" file="pyfields/init_makers.py" line="30" name="pyfields.init_makers.init_fields" time="0.002"><skipped message="doctest skipped" type="pytest.skip">&lt;doctest pyfields.init_makers.init_fields[1]&gt;:1: doctest skipped</skipped></testcase><testcase classname="pyfields.init_makers" file="pyfields/init_makers.py" line="104" name="pyfields.init_makers.inject_fields" time="0.001"><skipped message="doctest skipped" type="pytest.skip">&lt;doctest pyfields.init_makers.inject_fields[1]&gt;:1: doctest skipped</skipped></testcase><testcase classname="pyfields.init_makers" file="pyfields/init_makers.py" line="163" name="pyfields.init_makers.make_init" time="0.002"><skipped message="doctest skipped" type="pytest.skip">&lt;doctest pyfields.init_makers.make_init[1]&gt;:1: doctest skipped</skipped></testcase><testcase classname="pyfields.tests.test_autofields" file="pyfields/tests/test_autofields.py" line="11" name="test_autofields_basic[False-False]" time="0.003"></testcase><testcase classname="pyfields.tests.test_autofields" file="pyfields/tests/test_autofields.py" line="11" name="test_autofields_basic[True-False]" time="0.002"><skipped message="Type annotations are not supported in python &lt; 3.6" type="pytest.skip">/home/travis/build/smarie/python-pyfields/pyfields/tests/test_autofields.py:18: Type annotations are not supported in python &lt; 3.6</skipped></testcase><testcase classname="pyfields.tests.test_autofields" file="pyfields/tests/test_autofields.py" line="11" name="test_autofields_basic[True-True]" time="0.001"><skipped message="Type annotations are not supported in python &lt; 3.6" type="pytest.skip">/home/travis/build/smarie/python-pyfields/pyfields/tests/test_autofields.py:18: Type annotations are not supported in python &lt; 3.6</skipped></testcase><testcase classname="pyfields.tests.test_autofields" file="pyfields/tests/test_autofields.py" line="73" name="test_autofields_property_descriptors" time="0.001"></testcase><testcase classname="pyfields.tests.test_autofields" file="pyfields/tests/test_autofields.py" line="101" name="test_issue_74" time="0.000"><skipped message="Annotations not supported in python &lt; 3.6" type="pytest.skip">/home/travis/build/smarie/python-pyfields/pyfields/tests/test_autofields.py:102: Annotations not supported in python &lt; 3.6</skipped></testcase><testcase classname="pyfields.tests.test_autofields" file="pyfields/tests/test_autofields.py" line="111" name="test_issue_76" time="0.000"><skipped message="Annotations not supported in python &lt; 3.6" type="pytest.skip">/home/travis/build/smarie/python-pyfields/pyfields/tests/test_autofields.py:112: Annotations not supported in python &lt; 3.6</skipped></testcase><testcase classname="pyfields.tests.test_autofields" file="pyfields/tests/test_autofields.py" line="119" name="test_issue_76_bis" time="0.001"></testcase><testcase classname="pyfields.tests.test_core" file="pyfields/tests/test_core.py" line="20" name="test_field[read_only=False-type_=default_factory-write_before_reading=False]" time="0.002"></testcase><testcase classname="pyfields.tests.test_core" file="pyfields/tests/test_core.py" line="20" name="test_field[read_only=False-type_=default_factory-write_before_reading=True]" time="0.002"></testcase><testcase classname="pyfields.tests.test_core" file="pyfields/tests/test_core.py" line="20" name="test_field[read_only=False-type_=default-write_before_reading=False]" time="0.002"></testcase><testcase classname="pyfields.tests.test_core" file="pyfields/tests/test_core.py" line="20" name="test_field[read_only=False-type_=default-write_before_reading=True]" time="0.002"></testcase><testcase classname="pyfields.tests.test_core" file="pyfields/tests/test_core.py" line="20" name="test_field[read_only=False-type_=mandatory-write_before_reading=False]" time="0.002"></testcase><testcase classname="pyfields.tests.test_core" file="pyfields/tests/test_core.py" line="20" name="test_field[read_only=False-type_=mandatory-write_before_reading=True]" time="0.002"></testcase><testcase classname="pyfields.tests.test_core" file="pyfields/tests/test_core.py" line="20" name="test_field[read_only=True-type_=default_factory-write_before_reading=False]" time="0.002"></testcase><testcase classname="pyfields.tests.test_core" file="pyfields/tests/test_core.py" line="20" name="test_field[read_only=True-type_=default_factory-write_before_reading=True]" time="0.002"></testcase><testcase classname="pyfields.tests.test_core" file="pyfields/tests/test_core.py" line="20" name="test_field[read_only=True-type_=default-write_before_reading=False]" time="0.002"></testcase><testcase classname="pyfields.tests.test_core" file="pyfields/tests/test_core.py" line="20" name="test_field[read_only=True-type_=default-write_before_reading=True]" time="0.002"></testcase><testcase classname="pyfields.tests.test_core" file="pyfields/tests/test_core.py" line="20" name="test_field[read_only=True-type_=mandatory-write_before_reading=False]" time="0.002"></testcase><testcase classname="pyfields.tests.test_core" file="pyfields/tests/test_core.py" line="20" name="test_field[read_only=True-type_=mandatory-write_before_reading=True]" time="0.002"></testcase><testcase classname="pyfields.tests.test_core" file="pyfields/tests/test_core.py" line="79" name="test_slots" time="0.001"></testcase><testcase classname="pyfields.tests.test_core" file="pyfields/tests/test_core.py" line="115" name="test_slots2" time="0.001"></testcase><testcase classname="pyfields.tests.test_core" file="pyfields/tests/test_core.py" line="128" name="test_default_factory" time="0.001"></testcase><testcase classname="pyfields.tests.test_core" file="pyfields/tests/test_core.py" line="162" name="test_type" time="0.001"></testcase><testcase classname="pyfields.tests.test_core" file="pyfields/tests/test_core.py" line="182" name="test_type_multiple_tuple" time="0.001"></testcase><testcase classname="pyfields.tests.test_core" file="pyfields/tests/test_core.py" line="212" name="test_type_multiple_typing" time="0.003"></testcase><testcase classname="pyfields.tests.test_core" file="pyfields/tests/test_core.py" line="236" name="test_type_from_pep484_annotations" time="0.000"><skipped message="class member annotations are not allowed before python 3.6" type="pytest.skip">/home/travis/build/smarie/python-pyfields/pyfields/tests/test_core.py:237: class member annotations are not allowed before python 3.6</skipped></testcase><testcase classname="pyfields.tests.test_core" file="pyfields/tests/test_core.py" line="255" name="test_field_validators[case_nb=1]" time="0.002"></testcase><testcase classname="pyfields.tests.test_core" file="pyfields/tests/test_core.py" line="255" name="test_field_validators[case_nb=2]" time="0.003"></testcase><testcase classname="pyfields.tests.test_core" file="pyfields/tests/test_core.py" line="255" name="test_field_validators[case_nb=3]" time="0.003"></testcase><testcase classname="pyfields.tests.test_core" file="pyfields/tests/test_core.py" line="255" name="test_field_validators[case_nb=4]" time="0.004"></testcase><testcase classname="pyfields.tests.test_core" file="pyfields/tests/test_core.py" line="255" name="test_field_validators[case_nb=5]" time="0.004"></testcase><testcase classname="pyfields.tests.test_core" file="pyfields/tests/test_core.py" line="354" name="test_field_validators_decorator[explicit=False]" time="0.001"></testcase><testcase classname="pyfields.tests.test_core" file="pyfields/tests/test_core.py" line="354" name="test_field_validators_decorator[explicit=True]" time="0.003"></testcase><testcase classname="pyfields.tests.test_core" file="pyfields/tests/test_core.py" line="406" name="test_validator_not_compliant_with_native_field" time="0.001"></testcase><testcase classname="pyfields.tests.test_core" file="pyfields/tests/test_core.py" line="413" name="test_field_converters_decorator[explicit=False]" time="0.002"></testcase><testcase classname="pyfields.tests.test_core" file="pyfields/tests/test_core.py" line="413" name="test_field_converters_decorator[explicit=True]" time="0.003"></testcase><testcase classname="pyfields.tests.test_core" file="pyfields/tests/test_core.py" line="457" name="test_converter_not_compliant_with_native_field" time="0.001"></testcase><testcase classname="pyfields.tests.test_core" file="pyfields/tests/test_core.py" line="464" name="test_converters[format=single_converter-nbargs=1-validator_return_none=False]" time="0.004"></testcase><testcase classname="pyfields.tests.test_core" file="pyfields/tests/test_core.py" line="464" name="test_converters[format=single_converter-nbargs=1-validator_return_none=True]" time="0.004"></testcase><testcase classname="pyfields.tests.test_core" file="pyfields/tests/test_core.py" line="464" name="test_converters[format=single_converter-nbargs=2-validator_return_none=False]" time="0.003"></testcase><testcase classname="pyfields.tests.test_core" file="pyfields/tests/test_core.py" line="464" name="test_converters[format=single_converter-nbargs=2-validator_return_none=True]" time="0.003"></testcase><testcase classname="pyfields.tests.test_core" file="pyfields/tests/test_core.py" line="464" name="test_converters[format=single_converter-nbargs=3-validator_return_none=False]" time="0.003"></testcase><testcase classname="pyfields.tests.test_core" file="pyfields/tests/test_core.py" line="464" name="test_converters[format=single_converter-nbargs=3-validator_return_none=True]" time="0.003"></testcase><testcase classname="pyfields.tests.test_core" file="pyfields/tests/test_core.py" line="464" name="test_converters[format=single_fun-nbargs=1-validator_return_none=False]" time="0.003"></testcase><testcase classname="pyfields.tests.test_core" file="pyfields/tests/test_core.py" line="464" name="test_converters[format=single_fun-nbargs=1-validator_return_none=True]" time="0.004"></testcase><testcase classname="pyfields.tests.test_core" file="pyfields/tests/test_core.py" line="464" name="test_converters[format=single_fun-nbargs=2-validator_return_none=False]" time="0.003"></testcase><testcase classname="pyfields.tests.test_core" file="pyfields/tests/test_core.py" line="464" name="test_converters[format=single_fun-nbargs=2-validator_return_none=True]" time="0.003"></testcase><testcase classname="pyfields.tests.test_core" file="pyfields/tests/test_core.py" line="464" name="test_converters[format=single_fun-nbargs=3-validator_return_none=False]" time="0.003"></testcase><testcase classname="pyfields.tests.test_core" file="pyfields/tests/test_core.py" line="464" name="test_converters[format=single_fun-nbargs=3-validator_return_none=True]" time="0.003"></testcase><testcase classname="pyfields.tests.test_core" file="pyfields/tests/test_core.py" line="464" name="test_converters[format=(v_fun, c_fun)-nbargs=1-validator_return_none=False]" time="0.004"></testcase><testcase classname="pyfields.tests.test_core" file="pyfields/tests/test_core.py" line="464" name="test_converters[format=(v_fun, c_fun)-nbargs=1-validator_return_none=True]" time="0.004"></testcase><testcase classname="pyfields.tests.test_core" file="pyfields/tests/test_core.py" line="464" name="test_converters[format=(v_fun, c_fun)-nbargs=2-validator_return_none=False]" time="0.003"></testcase><testcase classname="pyfields.tests.test_core" file="pyfields/tests/test_core.py" line="464" name="test_converters[format=(v_fun, c_fun)-nbargs=2-validator_return_none=True]" time="0.003"></testcase><testcase classname="pyfields.tests.test_core" file="pyfields/tests/test_core.py" line="464" name="test_converters[format=(v_fun, c_fun)-nbargs=3-validator_return_none=False]" time="0.003"></testcase><testcase classname="pyfields.tests.test_core" file="pyfields/tests/test_core.py" line="464" name="test_converters[format=(v_fun, c_fun)-nbargs=3-validator_return_none=True]" time="0.004"></testcase><testcase classname="pyfields.tests.test_core" file="pyfields/tests/test_core.py" line="464" name="test_converters[format=(v_type, c_fun)-nbargs=1-validator_return_none=False]" time="0.003"></testcase><testcase classname="pyfields.tests.test_core" file="pyfields/tests/test_core.py" line="464" name="test_converters[format=(v_type, c_fun)-nbargs=1-validator_return_none=True]" time="0.004"></testcase><testcase classname="pyfields.tests.test_core" file="pyfields/tests/test_core.py" line="464" name="test_converters[format=(v_type, c_fun)-nbargs=2-validator_return_none=False]" time="0.004"></testcase><testcase classname="pyfields.tests.test_core" file="pyfields/tests/test_core.py" line="464" name="test_converters[format=(v_type, c_fun)-nbargs=2-validator_return_none=True]" time="0.029"></testcase><testcase classname="pyfields.tests.test_core" file="pyfields/tests/test_core.py" line="464" name="test_converters[format=(v_type, c_fun)-nbargs=3-validator_return_none=False]" time="0.003"></testcase><testcase classname="pyfields.tests.test_core" file="pyfields/tests/test_core.py" line="464" name="test_converters[format=(v_type, c_fun)-nbargs=3-validator_return_none=True]" time="0.003"></testcase><testcase classname="pyfields.tests.test_core" file="pyfields/tests/test_core.py" line="464" name="test_converters[format=(joker, c_fun)-nbargs=1-validator_return_none=False]" time="0.004"></testcase><testcase classname="pyfields.tests.test_core" file="pyfields/tests/test_core.py" line="464" name="test_converters[format=(joker, c_fun)-nbargs=1-validator_return_none=True]" time="0.003"></testcase><testcase classname="pyfields.tests.test_core" file="pyfields/tests/test_core.py" line="464" name="test_converters[format=(joker, c_fun)-nbargs=2-validator_return_none=False]" time="0.003"></testcase><testcase classname="pyfields.tests.test_core" file="pyfields/tests/test_core.py" line="464" name="test_converters[format=(joker, c_fun)-nbargs=2-validator_return_none=True]" time="0.003"></testcase><testcase classname="pyfields.tests.test_core" file="pyfields/tests/test_core.py" line="464" name="test_converters[format=(joker, c_fun)-nbargs=3-validator_return_none=False]" time="0.003"></testcase><testcase classname="pyfields.tests.test_core" file="pyfields/tests/test_core.py" line="464" name="test_converters[format=(joker, c_fun)-nbargs=3-validator_return_none=True]" time="0.004"></testcase><testcase classname="pyfields.tests.test_core" file="pyfields/tests/test_core.py" line="464" name="test_converters[format=(None, c_fun)-nbargs=1-validator_return_none=False]" time="0.003"></testcase><testcase classname="pyfields.tests.test_core" file="pyfields/tests/test_core.py" line="464" name="test_converters[format=(None, c_fun)-nbargs=1-validator_return_none=True]" time="0.003"></testcase><testcase classname="pyfields.tests.test_core" file="pyfields/tests/test_core.py" line="464" name="test_converters[format=(None, c_fun)-nbargs=2-validator_return_none=False]" time="0.004"></testcase><testcase classname="pyfields.tests.test_core" file="pyfields/tests/test_core.py" line="464" name="test_converters[format=(None, c_fun)-nbargs=2-validator_return_none=True]" time="0.003"></testcase><testcase classname="pyfields.tests.test_core" file="pyfields/tests/test_core.py" line="464" name="test_converters[format=(None, c_fun)-nbargs=3-validator_return_none=False]" time="0.003"></testcase><testcase classname="pyfields.tests.test_core" file="pyfields/tests/test_core.py" line="464" name="test_converters[format=(None, c_fun)-nbargs=3-validator_return_none=True]" time="0.003"></testcase><testcase classname="pyfields.tests.test_core" file="pyfields/tests/test_core.py" line="464" name="test_converters[format={v_fun: c_fun}-nbargs=1-validator_return_none=False]" time="0.004"></testcase><testcase classname="pyfields.tests.test_core" file="pyfields/tests/test_core.py" line="464" name="test_converters[format={v_fun: c_fun}-nbargs=1-validator_return_none=True]" time="0.003"></testcase><testcase classname="pyfields.tests.test_core" file="pyfields/tests/test_core.py" line="464" name="test_converters[format={v_fun: c_fun}-nbargs=2-validator_return_none=False]" time="0.003"></testcase><testcase classname="pyfields.tests.test_core" file="pyfields/tests/test_core.py" line="464" name="test_converters[format={v_fun: c_fun}-nbargs=2-validator_return_none=True]" time="0.003"></testcase><testcase classname="pyfields.tests.test_core" file="pyfields/tests/test_core.py" line="464" name="test_converters[format={v_fun: c_fun}-nbargs=3-validator_return_none=False]" time="0.003"></testcase><testcase classname="pyfields.tests.test_core" file="pyfields/tests/test_core.py" line="464" name="test_converters[format={v_fun: c_fun}-nbargs=3-validator_return_none=True]" time="0.004"></testcase><testcase classname="pyfields.tests.test_core" file="pyfields/tests/test_core.py" line="464" name="test_converters[format={v_type: c_fun}-nbargs=1-validator_return_none=False]" time="0.003"></testcase><testcase classname="pyfields.tests.test_core" file="pyfields/tests/test_core.py" line="464" name="test_converters[format={v_type: c_fun}-nbargs=1-validator_return_none=True]" time="0.004"></testcase><testcase classname="pyfields.tests.test_core" file="pyfields/tests/test_core.py" line="464" name="test_converters[format={v_type: c_fun}-nbargs=2-validator_return_none=False]" time="0.003"></testcase><testcase classname="pyfields.tests.test_core" file="pyfields/tests/test_core.py" line="464" name="test_converters[format={v_type: c_fun}-nbargs=2-validator_return_none=True]" time="0.004"></testcase><testcase classname="pyfields.tests.test_core" file="pyfields/tests/test_core.py" line="464" name="test_converters[format={v_type: c_fun}-nbargs=3-validator_return_none=False]" time="0.003"></testcase><testcase classname="pyfields.tests.test_core" file="pyfields/tests/test_core.py" line="464" name="test_converters[format={v_type: c_fun}-nbargs=3-validator_return_none=True]" time="0.003"></testcase><testcase classname="pyfields.tests.test_core" file="pyfields/tests/test_core.py" line="464" name="test_converters[format={joker: c_fun}-nbargs=1-validator_return_none=False]" time="0.003"></testcase><testcase classname="pyfields.tests.test_core" file="pyfields/tests/test_core.py" line="464" name="test_converters[format={joker: c_fun}-nbargs=1-validator_return_none=True]" time="0.003"></testcase><testcase classname="pyfields.tests.test_core" file="pyfields/tests/test_core.py" line="464" name="test_converters[format={joker: c_fun}-nbargs=2-validator_return_none=False]" time="0.003"></testcase><testcase classname="pyfields.tests.test_core" file="pyfields/tests/test_core.py" line="464" name="test_converters[format={joker: c_fun}-nbargs=2-validator_return_none=True]" time="0.003"></testcase><testcase classname="pyfields.tests.test_core" file="pyfields/tests/test_core.py" line="464" name="test_converters[format={joker: c_fun}-nbargs=3-validator_return_none=False]" time="0.003"></testcase><testcase classname="pyfields.tests.test_core" file="pyfields/tests/test_core.py" line="464" name="test_converters[format={joker: c_fun}-nbargs=3-validator_return_none=True]" time="0.003"></testcase><testcase classname="pyfields.tests.test_core" file="pyfields/tests/test_core.py" line="464" name="test_converters[format={None: c_fun}-nbargs=1-validator_return_none=False]" time="0.004"></testcase><testcase classname="pyfields.tests.test_core" file="pyfields/tests/test_core.py" line="464" name="test_converters[format={None: c_fun}-nbargs=1-validator_return_none=True]" time="0.004"></testcase><testcase classname="pyfields.tests.test_core" file="pyfields/tests/test_core.py" line="464" name="test_converters[format={None: c_fun}-nbargs=2-validator_return_none=False]" time="0.003"></testcase><testcase classname="pyfields.tests.test_core" file="pyfields/tests/test_core.py" line="464" name="test_converters[format={None: c_fun}-nbargs=2-validator_return_none=True]" time="0.003"></testcase><testcase classname="pyfields.tests.test_core" file="pyfields/tests/test_core.py" line="464" name="test_converters[format={None: c_fun}-nbargs=3-validator_return_none=False]" time="0.003"></testcase><testcase classname="pyfields.tests.test_core" file="pyfields/tests/test_core.py" line="464" name="test_converters[format={None: c_fun}-nbargs=3-validator_return_none=True]" time="0.003"></testcase><testcase classname="pyfields.tests.test_core" file="pyfields/tests/test_core.py" line="617" name="test_inheritance" time="0.001"></testcase><testcase classname="pyfields.tests.test_core" file="pyfields/tests/test_core.py" line="642" name="test_pickle" time="0.002"></testcase><testcase classname="pyfields.tests.test_core" file="pyfields/tests/test_core.py" line="651" name="test_default_validated[use_factory=simple-check_type=False]" time="0.003"></testcase><testcase classname="pyfields.tests.test_core" file="pyfields/tests/test_core.py" line="651" name="test_default_validated[use_factory=simple-check_type=True]" time="0.002"></testcase><testcase classname="pyfields.tests.test_core" file="pyfields/tests/test_core.py" line="651" name="test_default_validated[use_factory=copy_value-check_type=False]" time="0.004"></testcase><testcase classname="pyfields.tests.test_core" file="pyfields/tests/test_core.py" line="651" name="test_default_validated[use_factory=copy_value-check_type=True]" time="0.004"></testcase><testcase classname="pyfields.tests.test_core" file="pyfields/tests/test_core.py" line="651" name="test_default_validated[use_factory=factory_function-check_type=False]" time="0.005"></testcase><testcase classname="pyfields.tests.test_core" file="pyfields/tests/test_core.py" line="651" name="test_default_validated[use_factory=factory_function-check_type=True]" time="0.004"></testcase><testcase classname="pyfields.tests.test_helpers" file="pyfields/tests/test_helpers.py" line="6" name="test_get_fields[public_only=False-ancestor_first=False]" time="0.004"></testcase><testcase classname="pyfields.tests.test_helpers" file="pyfields/tests/test_helpers.py" line="6" name="test_get_fields[public_only=False-ancestor_first=True]" time="0.004"></testcase><testcase classname="pyfields.tests.test_helpers" file="pyfields/tests/test_helpers.py" line="6" name="test_get_fields[public_only=True-ancestor_first=False]" time="0.005"></testcase><testcase classname="pyfields.tests.test_helpers" file="pyfields/tests/test_helpers.py" line="6" name="test_get_fields[public_only=True-ancestor_first=True]" time="0.003"></testcase><testcase classname="pyfields.tests.test_init" file="pyfields/tests/test_init.py" line="11" name="test_init_all_methods[py36_style_type_hints=False-explicit_list=False-init_type=inject_fields-native=False]" time="0.007"></testcase><testcase classname="pyfields.tests.test_init" file="pyfields/tests/test_init.py" line="11" name="test_init_all_methods[py36_style_type_hints=False-explicit_list=False-init_type=inject_fields-native=True]" time="0.006"></testcase><testcase classname="pyfields.tests.test_init" file="pyfields/tests/test_init.py" line="11" name="test_init_all_methods[py36_style_type_hints=False-explicit_list=False-init_type=make_init-native=False]" time="0.006"></testcase><testcase classname="pyfields.tests.test_init" file="pyfields/tests/test_init.py" line="11" name="test_init_all_methods[py36_style_type_hints=False-explicit_list=False-init_type=make_init-native=True]" time="0.006"></testcase><testcase classname="pyfields.tests.test_init" file="pyfields/tests/test_init.py" line="11" name="test_init_all_methods[py36_style_type_hints=False-explicit_list=False-init_type=make_init_with_postinit-native=False]" time="0.007"></testcase><testcase classname="pyfields.tests.test_init" file="pyfields/tests/test_init.py" line="11" name="test_init_all_methods[py36_style_type_hints=False-explicit_list=False-init_type=make_init_with_postinit-native=True]" time="0.007"></testcase><testcase classname="pyfields.tests.test_init" file="pyfields/tests/test_init.py" line="11" name="test_init_all_methods[py36_style_type_hints=False-explicit_list=True-init_type=inject_fields-native=False]" time="0.007"></testcase><testcase classname="pyfields.tests.test_init" file="pyfields/tests/test_init.py" line="11" name="test_init_all_methods[py36_style_type_hints=False-explicit_list=True-init_type=inject_fields-native=True]" time="0.006"></testcase><testcase classname="pyfields.tests.test_init" file="pyfields/tests/test_init.py" line="11" name="test_init_all_methods[py36_style_type_hints=False-explicit_list=True-init_type=make_init-native=False]" time="0.007"></testcase><testcase classname="pyfields.tests.test_init" file="pyfields/tests/test_init.py" line="11" name="test_init_all_methods[py36_style_type_hints=False-explicit_list=True-init_type=make_init-native=True]" time="0.005"></testcase><testcase classname="pyfields.tests.test_init" file="pyfields/tests/test_init.py" line="11" name="test_init_all_methods[py36_style_type_hints=False-explicit_list=True-init_type=make_init_with_postinit-native=False]" time="0.005"></testcase><testcase classname="pyfields.tests.test_init" file="pyfields/tests/test_init.py" line="11" name="test_init_all_methods[py36_style_type_hints=False-explicit_list=True-init_type=make_init_with_postinit-native=True]" time="0.006"></testcase><testcase classname="pyfields.tests.test_init" file="pyfields/tests/test_init.py" line="11" name="test_init_all_methods[py36_style_type_hints=True-explicit_list=False-init_type=inject_fields-native=False]" time="0.005"><skipped message="&lt;Skipped instance&gt;" type="pytest.skip">/home/travis/build/smarie/python-pyfields/pyfields/tests/test_init.py:21: &lt;Skipped instance&gt;</skipped></testcase><testcase classname="pyfields.tests.test_init" file="pyfields/tests/test_init.py" line="11" name="test_init_all_methods[py36_style_type_hints=True-explicit_list=False-init_type=inject_fields-native=True]" time="0.005"><skipped message="&lt;Skipped instance&gt;" type="pytest.skip">/home/travis/build/smarie/python-pyfields/pyfields/tests/test_init.py:21: &lt;Skipped instance&gt;</skipped></testcase><testcase classname="pyfields.tests.test_init" file="pyfields/tests/test_init.py" line="11" name="test_init_all_methods[py36_style_type_hints=True-explicit_list=False-init_type=make_init-native=False]" time="0.005"><skipped message="&lt;Skipped instance&gt;" type="pytest.skip">/home/travis/build/smarie/python-pyfields/pyfields/tests/test_init.py:21: &lt;Skipped instance&gt;</skipped></testcase><testcase classname="pyfields.tests.test_init" file="pyfields/tests/test_init.py" line="11" name="test_init_all_methods[py36_style_type_hints=True-explicit_list=False-init_type=make_init-native=True]" time="0.005"><skipped message="&lt;Skipped instance&gt;" type="pytest.skip">/home/travis/build/smarie/python-pyfields/pyfields/tests/test_init.py:21: &lt;Skipped instance&gt;</skipped></testcase><testcase classname="pyfields.tests.test_init" file="pyfields/tests/test_init.py" line="11" name="test_init_all_methods[py36_style_type_hints=True-explicit_list=False-init_type=make_init_with_postinit-native=False]" time="0.005"><skipped message="&lt;Skipped instance&gt;" type="pytest.skip">/home/travis/build/smarie/python-pyfields/pyfields/tests/test_init.py:21: &lt;Skipped instance&gt;</skipped></testcase><testcase classname="pyfields.tests.test_init" file="pyfields/tests/test_init.py" line="11" name="test_init_all_methods[py36_style_type_hints=True-explicit_list=False-init_type=make_init_with_postinit-native=True]" time="0.001"><skipped message="&lt;Skipped instance&gt;" type="pytest.skip">/home/travis/build/smarie/python-pyfields/pyfields/tests/test_init.py:21: &lt;Skipped instance&gt;</skipped></testcase><testcase classname="pyfields.tests.test_init" file="pyfields/tests/test_init.py" line="11" name="test_init_all_methods[py36_style_type_hints=True-explicit_list=True-init_type=inject_fields-native=False]" time="0.005"><skipped message="&lt;Skipped instance&gt;" type="pytest.skip">/home/travis/build/smarie/python-pyfields/pyfields/tests/test_init.py:21: &lt;Skipped instance&gt;</skipped></testcase><testcase classname="pyfields.tests.test_init" file="pyfields/tests/test_init.py" line="11" name="test_init_all_methods[py36_style_type_hints=True-explicit_list=True-init_type=inject_fields-native=True]" time="0.005"><skipped message="&lt;Skipped instance&gt;" type="pytest.skip">/home/travis/build/smarie/python-pyfields/pyfields/tests/test_init.py:21: &lt;Skipped instance&gt;</skipped></testcase><testcase classname="pyfields.tests.test_init" file="pyfields/tests/test_init.py" line="11" name="test_init_all_methods[py36_style_type_hints=True-explicit_list=True-init_type=make_init-native=False]" time="0.005"><skipped message="&lt;Skipped instance&gt;" type="pytest.skip">/home/travis/build/smarie/python-pyfields/pyfields/tests/test_init.py:21: &lt;Skipped instance&gt;</skipped></testcase><testcase classname="pyfields.tests.test_init" file="pyfields/tests/test_init.py" line="11" name="test_init_all_methods[py36_style_type_hints=True-explicit_list=True-init_type=make_init-native=True]" time="0.005"><skipped message="&lt;Skipped instance&gt;" type="pytest.skip">/home/travis/build/smarie/python-pyfields/pyfields/tests/test_init.py:21: &lt;Skipped instance&gt;</skipped></testcase><testcase classname="pyfields.tests.test_init" file="pyfields/tests/test_init.py" line="11" name="test_init_all_methods[py36_style_type_hints=True-explicit_list=True-init_type=make_init_with_postinit-native=False]" time="0.006"><skipped message="&lt;Skipped instance&gt;" type="pytest.skip">/home/travis/build/smarie/python-pyfields/pyfields/tests/test_init.py:21: &lt;Skipped instance&gt;</skipped></testcase><testcase classname="pyfields.tests.test_init" file="pyfields/tests/test_init.py" line="11" name="test_init_all_methods[py36_style_type_hints=True-explicit_list=True-init_type=make_init_with_postinit-native=True]" time="0.006"><skipped message="&lt;Skipped instance&gt;" type="pytest.skip">/home/travis/build/smarie/python-pyfields/pyfields/tests/test_init.py:21: &lt;Skipped instance&gt;</skipped></testcase><testcase classname="pyfields.tests.test_init" file="pyfields/tests/test_init.py" line="112" name="test_init_partial_fields" time="0.002"></testcase><testcase classname="pyfields.tests.test_init" file="pyfields/tests/test_init.py" line="135" name="test_init_order" time="0.002"></testcase><testcase classname="pyfields.tests.test_init" file="pyfields/tests/test_init.py" line="150" name="test_init_order2[ancestor_first=False]" time="0.004"></testcase><testcase classname="pyfields.tests.test_init" file="pyfields/tests/test_init.py" line="150" name="test_init_order2[ancestor_first=True]" time="0.004"></testcase><testcase classname="pyfields.tests.test_init" file="pyfields/tests/test_init.py" line="194" name="test_init_inheritance" time="0.002"></testcase><testcase classname="pyfields.tests.test_readme" file="pyfields/tests/test_readme.py" line="15" name="test_lazy_fields" time="0.003"></testcase><testcase classname="pyfields.tests.test_readme" file="pyfields/tests/test_readme.py" line="45" name="test_default_factory[use_decorator=False]" time="0.003"></testcase><testcase classname="pyfields.tests.test_readme" file="pyfields/tests/test_readme.py" line="45" name="test_default_factory[use_decorator=True]" time="0.003"></testcase><testcase classname="pyfields.tests.test_readme" file="pyfields/tests/test_readme.py" line="74" name="test_readonly_field" time="0.001"></testcase><testcase classname="pyfields.tests.test_readme" file="pyfields/tests/test_readme.py" line="98" name="test_type_validation[py36_style_type_hints=False]" time="0.003"></testcase><testcase classname="pyfields.tests.test_readme" file="pyfields/tests/test_readme.py" line="98" name="test_type_validation[py36_style_type_hints=True]" time="0.002"><skipped message="&lt;Skipped instance&gt;" type="pytest.skip">/home/travis/build/smarie/python-pyfields/pyfields/tests/test_readme.py:103: &lt;Skipped instance&gt;</skipped></testcase><testcase classname="pyfields.tests.test_readme" file="pyfields/tests/test_readme.py" line="119" name="test_value_validation[py36_style_type_hints=False]" time="0.004"></testcase><testcase classname="pyfields.tests.test_readme" file="pyfields/tests/test_readme.py" line="119" name="test_value_validation[py36_style_type_hints=True]" time="0.003"><skipped message="&lt;Skipped instance&gt;" type="pytest.skip">/home/travis/build/smarie/python-pyfields/pyfields/tests/test_readme.py:126: &lt;Skipped instance&gt;</skipped></testcase><testcase classname="pyfields.tests.test_readme" file="pyfields/tests/test_readme.py" line="158" name="test_value_validation_advanced[py36_style_type_hints=False]" time="0.004"></testcase><testcase classname="pyfields.tests.test_readme" file="pyfields/tests/test_readme.py" line="158" name="test_value_validation_advanced[py36_style_type_hints=True]" time="0.004"><skipped message="&lt;Skipped instance&gt;" type="pytest.skip">/home/travis/build/smarie/python-pyfields/pyfields/tests/test_readme.py:171: &lt;Skipped instance&gt;</skipped></testcase><testcase classname="pyfields.tests.test_readme" file="pyfields/tests/test_readme.py" line="199" name="test_nonable_fields[declaration=typing]" time="0.003"></testcase><testcase classname="pyfields.tests.test_readme" file="pyfields/tests/test_readme.py" line="199" name="test_nonable_fields[declaration=default_value]" time="0.002"></testcase><testcase classname="pyfields.tests.test_readme" file="pyfields/tests/test_readme.py" line="199" name="test_nonable_fields[declaration=explicit_nonable]" time="0.002"></testcase><testcase classname="pyfields.tests.test_readme" file="pyfields/tests/test_readme.py" line="243" name="test_native_descriptors" time="3.226"></testcase><testcase classname="pyfields.tests.test_readme" file="pyfields/tests/test_readme.py" line="289" name="test_make_init_full_defaults" time="0.008"></testcase><testcase classname="pyfields.tests.test_readme" file="pyfields/tests/test_readme.py" line="308" name="test_make_init_with_explicit_list" time="0.002"></testcase><testcase classname="pyfields.tests.test_readme" file="pyfields/tests/test_readme.py" line="321" name="test_make_init_with_inheritance" time="0.004"></testcase><testcase classname="pyfields.tests.test_readme" file="pyfields/tests/test_readme.py" line="337" name="test_make_init_callback" time="0.004"></testcase><testcase classname="pyfields.tests.test_readme" file="pyfields/tests/test_readme.py" line="358" name="test_init_fields" time="0.004"></testcase><testcase classname="pyfields.tests.test_readme" file="pyfields/tests/test_readme.py" line="396" name="test_autofields_readme" time="0.002"><skipped message="python &lt; 3.6 does not support class member type hints" type="pytest.skip">/home/travis/build/smarie/python-pyfields/pyfields/tests/test_readme.py:397: python &lt; 3.6 does not support class member type hints</skipped></testcase><testcase classname="pyfields.tests.test_readme" file="pyfields/tests/test_readme.py" line="431" name="test_autofields_vtypes_readme" time="0.001"><skipped message="python &lt; 3.6 does not support class member type hints" type="pytest.skip">/home/travis/build/smarie/python-pyfields/pyfields/tests/test_readme.py:432: python &lt; 3.6 does not support class member type hints</skipped></testcase><testcase classname="pyfields.tests.test_readme" file="pyfields/tests/test_readme.py" line="446" name="test_autoclass" time="0.014"></testcase><testcase classname="pyfields.tests.test_readme" file="pyfields/tests/test_readme.py" line="466" name="test_autoclass_2" time="0.001"><skipped message="not valid for old python" type="pytest.skip">/home/travis/build/smarie/python-pyfields/pyfields/tests/test_readme.py:467: not valid for old python</skipped></testcase><testcase classname="pyfields.tests.test_readme" file="pyfields/tests/test_readme.py" line="482" name="test_autoclass_3" time="0.001"><skipped message="not valid for old python" type="pytest.skip">/home/travis/build/smarie/python-pyfields/pyfields/tests/test_readme.py:483: not valid for old python</skipped></testcase><testcase classname="pyfields.tests.test_so" file="pyfields/tests/test_so.py" line="10" name="test_so0" time="0.003"></testcase><testcase classname="pyfields.tests.test_so" file="pyfields/tests/test_so.py" line="35" name="test_so1" time="0.003"></testcase><testcase classname="pyfields.tests.test_so" file="pyfields/tests/test_so.py" line="60" name="test_so2" time="0.003"></testcase><testcase classname="pyfields.tests.test_so" file="pyfields/tests/test_so.py" line="79" name="test_so3" time="0.004"></testcase><testcase classname="pyfields.tests.test_so" file="pyfields/tests/test_so.py" line="97" name="test_so4" time="0.004"></testcase><testcase classname="pyfields.tests.test_so" file="pyfields/tests/test_so.py" line="133" name="test_so5" time="0.004"></testcase><testcase classname="pyfields.tests.test_so" file="pyfields/tests/test_so.py" line="169" name="test_so6" time="0.003"></testcase><testcase classname="pyfields.tests.test_so" file="pyfields/tests/test_so.py" line="192" name="test_so7" time="0.002"></testcase><testcase classname="pyfields.tests.issues.test_issue_12" file="pyfields/tests/issues/test_issue_12.py" line="6" name="test_class_access_and_autocomplete" time="0.002"></testcase><testcase classname="pyfields.tests.issues.test_issue_51" file="pyfields/tests/issues/test_issue_51.py" line="8" name="test_issue_51" time="0.001"><skipped message="member type hints not supported in python &lt; 3.6" type="pytest.skip">/home/travis/build/smarie/python-pyfields/pyfields/tests/issues/test_issue_51.py:9: member type hints not supported in python &lt; 3.6</skipped></testcase><testcase classname="pyfields.tests.issues.test_issue_53" file="pyfields/tests/issues/test_issue_53.py" line="7" name="test_issue_53" time="0.003"></testcase><testcase classname="pyfields.tests.issues.test_issue_67" file="pyfields/tests/issues/test_issue_67.py" line="10" name="test_issue_67" time="0.000"><skipped message="member type hints not supported in python &lt; 3.6" type="pytest.skip">/home/travis/build/smarie/python-pyfields/pyfields/tests/issues/test_issue_67.py:11: member type hints not supported in python &lt; 3.6</skipped></testcase><testcase classname="pyfields.tests.issues.test_issue_73" file="pyfields/tests/issues/test_issue_73.py" line="6" name="test_self_referenced_class[fix_in_class_field=False-str_hint=False]" time="0.002"><skipped message="class member annotations are not supported in python &lt; 3.6" type="pytest.skip">/home/travis/build/smarie/python-pyfields/pyfields/tests/issues/test_issue_73.py:7: class member annotations are not supported in python &lt; 3.6</skipped></testcase><testcase classname="pyfields.tests.issues.test_issue_73" file="pyfields/tests/issues/test_issue_73.py" line="6" name="test_self_referenced_class[fix_in_class_field=False-str_hint=True]" time="0.002"><skipped message="class member annotations are not supported in python &lt; 3.6" type="pytest.skip">/home/travis/build/smarie/python-pyfields/pyfields/tests/issues/test_issue_73.py:7: class member annotations are not supported in python &lt; 3.6</skipped></testcase><testcase classname="pyfields.tests.issues.test_issue_73" file="pyfields/tests/issues/test_issue_73.py" line="6" name="test_self_referenced_class[fix_in_class_field=True-str_hint=False]" time="0.000"><skipped message="class member annotations are not supported in python &lt; 3.6" type="pytest.skip">/home/travis/build/smarie/python-pyfields/pyfields/tests/issues/test_issue_73.py:7: class member annotations are not supported in python &lt; 3.6</skipped></testcase><testcase classname="pyfields.tests.issues.test_issue_73" file="pyfields/tests/issues/test_issue_73.py" line="6" name="test_self_referenced_class[fix_in_class_field=True-str_hint=True]" time="0.000"><skipped message="class member annotations are not supported in python &lt; 3.6" type="pytest.skip">/home/travis/build/smarie/python-pyfields/pyfields/tests/issues/test_issue_73.py:7: class member annotations are not supported in python &lt; 3.6</skipped></testcase><testcase classname="pyfields.tests.issues.test_issue_73" file="pyfields/tests/issues/test_issue_73.py" line="39" name="test_cross_referenced_class[fix_in_class_field=False-str_hint=False]" time="0.002"><skipped message="class member annotations are not supported in python &lt; 3.6" type="pytest.skip">/home/travis/build/smarie/python-pyfields/pyfields/tests/issues/test_issue_73.py:40: class member annotations are not supported in python &lt; 3.6</skipped></testcase><testcase classname="pyfields.tests.issues.test_issue_73" file="pyfields/tests/issues/test_issue_73.py" line="39" name="test_cross_referenced_class[fix_in_class_field=False-str_hint=True]" time="0.000"><skipped message="class member annotations are not supported in python &lt; 3.6" type="pytest.skip">/home/travis/build/smarie/python-pyfields/pyfields/tests/issues/test_issue_73.py:40: class member annotations are not supported in python &lt; 3.6</skipped></testcase><testcase classname="pyfields.tests.issues.test_issue_73" file="pyfields/tests/issues/test_issue_73.py" line="39" name="test_cross_referenced_class[fix_in_class_field=True-str_hint=False]" time="0.000"><skipped message="class member annotations are not supported in python &lt; 3.6" type="pytest.skip">/home/travis/build/smarie/python-pyfields/pyfields/tests/issues/test_issue_73.py:40: class member annotations are not supported in python &lt; 3.6</skipped></testcase><testcase classname="pyfields.tests.issues.test_issue_73" file="pyfields/tests/issues/test_issue_73.py" line="39" name="test_cross_referenced_class[fix_in_class_field=True-str_hint=True]" time="0.012"><skipped message="class member annotations are not supported in python &lt; 3.6" type="pytest.skip">/home/travis/build/smarie/python-pyfields/pyfields/tests/issues/test_issue_73.py:40: class member annotations are not supported in python &lt; 3.6</skipped></testcase></testsuite></testsuites>